# JRE version: Java(TM) SE Runtime Environment (13.0.1+9) (build 13.0.1+9)
# Java VM: Java HotSpot(TM) 64-Bit Server VM (13.0.1+9, mixed mode, sharing, tiered, compressed oops, g1 gc, windows-amd64)
Heap:
 garbage-first heap   total 126976K, used 75307K [0x0000000704600000, 0x0000000800000000)
  region size 1024K, 46 young (47104K), 8 survivors (8192K)
 Metaspace       used 62546K, capacity 64146K, committed 64256K, reserved 1103872K
  class space    used 8308K, capacity 8941K, committed 8960K, reserved 1048576K
GC Heap History (20 events):
Event: 9.811 GC heap before
{Heap before GC invocations=7 (full 0):
 garbage-first heap   total 51200K, used 37522K [0x0000000704600000, 0x0000000800000000)
  region size 1024K, 23 young (23552K), 3 survivors (3072K)
 Metaspace       used 30445K, capacity 31411K, committed 31616K, reserved 1077248K
  class space    used 3827K, capacity 4214K, committed 4224K, reserved 1048576K
}
Event: 9.820 GC heap after
{Heap after GC invocations=8 (full 0):
 garbage-first heap   total 51200K, used 19788K [0x0000000704600000, 0x0000000800000000)
  region size 1024K, 2 young (2048K), 2 survivors (2048K)
 Metaspace       used 30445K, capacity 31411K, committed 31616K, reserved 1077248K
  class space    used 3827K, capacity 4214K, committed 4224K, reserved 1048576K
}
Event: 9.827 GC heap before
{Heap before GC invocations=8 (full 0):
 garbage-first heap   total 51200K, used 38220K [0x0000000704600000, 0x0000000800000000)
  region size 1024K, 21 young (21504K), 2 survivors (2048K)
 Metaspace       used 30445K, capacity 31411K, committed 31616K, reserved 1077248K
  class space    used 3827K, capacity 4214K, committed 4224K, reserved 1048576K
}
Event: 9.831 GC heap after
{Heap after GC invocations=9 (full 0):
 garbage-first heap   total 51200K, used 19521K [0x0000000704600000, 0x0000000800000000)
  region size 1024K, 2 young (2048K), 2 survivors (2048K)
 Metaspace       used 30445K, capacity 31411K, committed 31616K, reserved 1077248K
  class space    used 3827K, capacity 4214K, committed 4224K, reserved 1048576K
}
Event: 10.265 GC heap before
{Heap before GC invocations=9 (full 0):
 garbage-first heap   total 51200K, used 38977K [0x0000000704600000, 0x0000000800000000)
  region size 1024K, 22 young (22528K), 2 survivors (2048K)
 Metaspace       used 30739K, capacity 31673K, committed 31872K, reserved 1077248K
  class space    used 3856K, capacity 4216K, committed 4224K, reserved 1048576K
}
Event: 10.270 GC heap after
{Heap after GC invocations=10 (full 0):
 garbage-first heap   total 51200K, used 19459K [0x0000000704600000, 0x0000000800000000)
  region size 1024K, 2 young (2048K), 2 survivors (2048K)
 Metaspace       used 30739K, capacity 31673K, committed 31872K, reserved 1077248K
  class space    used 3856K, capacity 4216K, committed 4224K, reserved 1048576K
}
Event: 11.170 GC heap before
{Heap before GC invocations=10 (full 0):
 garbage-first heap   total 51200K, used 39939K [0x0000000704600000, 0x0000000800000000)
  region size 1024K, 22 young (22528K), 2 survivors (2048K)
 Metaspace       used 32195K, capacity 33207K, committed 33408K, reserved 1079296K
  class space    used 4031K, capacity 4406K, committed 4480K, reserved 1048576K
}
Event: 11.180 GC heap after
{Heap after GC invocations=11 (full 0):
 garbage-first heap   total 51200K, used 20682K [0x0000000704600000, 0x0000000800000000)
  region size 1024K, 3 young (3072K), 3 survivors (3072K)
 Metaspace       used 32195K, capacity 33207K, committed 33408K, reserved 1079296K
  class space    used 4031K, capacity 4406K, committed 4480K, reserved 1048576K
}
Event: 11.638 GC heap before
{Heap before GC invocations=11 (full 0):
 garbage-first heap   total 51200K, used 29898K [0x0000000704600000, 0x0000000800000000)
  region size 1024K, 13 young (13312K), 3 survivors (3072K)
 Metaspace       used 34479K, capacity 35420K, committed 35584K, reserved 1079296K
  class space    used 4386K, capacity 4760K, committed 4864K, reserved 1048576K
}
Event: 11.645 GC heap after
{Heap after GC invocations=12 (full 0):
 garbage-first heap   total 51200K, used 21226K [0x0000000704600000, 0x0000000800000000)
  region size 1024K, 2 young (2048K), 2 survivors (2048K)
 Metaspace       used 34479K, capacity 35420K, committed 35584K, reserved 1079296K
  class space    used 4386K, capacity 4760K, committed 4864K, reserved 1048576K
}
Event: 12.607 GC heap before
{Heap before GC invocations=13 (full 0):
 garbage-first heap   total 51200K, used 39658K [0x0000000704600000, 0x0000000800000000)
  region size 1024K, 20 young (20480K), 2 survivors (2048K)
 Metaspace       used 38620K, capacity 39665K, committed 39808K, reserved 1083392K
  class space    used 5036K, capacity 5428K, committed 5504K, reserved 1048576K
}
Event: 12.615 GC heap after
{Heap after GC invocations=14 (full 0):
 garbage-first heap   total 154624K, used 22079K [0x0000000704600000, 0x0000000800000000)
  region size 1024K, 2 young (2048K), 2 survivors (2048K)
 Metaspace       used 38620K, capacity 39665K, committed 39808K, reserved 1083392K
  class space    used 5036K, capacity 5428K, committed 5504K, reserved 1048576K
}
Event: 14.786 GC heap before
{Heap before GC invocations=14 (full 0):
 garbage-first heap   total 154624K, used 81471K [0x0000000704600000, 0x0000000800000000)
  region size 1024K, 60 young (61440K), 2 survivors (2048K)
 Metaspace       used 51337K, capacity 52429K, committed 52608K, reserved 1095680K
  class space    used 6733K, capacity 7170K, committed 7296K, reserved 1048576K
}
Event: 14.793 GC heap after
{Heap after GC invocations=15 (full 0):
 garbage-first heap   total 154624K, used 29235K [0x0000000704600000, 0x0000000800000000)
  region size 1024K, 8 young (8192K), 8 survivors (8192K)
 Metaspace       used 51337K, capacity 52429K, committed 52608K, reserved 1095680K
  class space    used 6733K, capacity 7170K, committed 7296K, reserved 1048576K
}
Event: 18.982 GC heap before
{Heap before GC invocations=15 (full 0):
 garbage-first heap   total 154624K, used 89651K [0x0000000704600000, 0x0000000800000000)
  region size 1024K, 67 young (68608K), 8 survivors (8192K)
 Metaspace       used 57624K, capacity 59004K, committed 59136K, reserved 1099776K
  class space    used 7564K, capacity 8119K, committed 8192K, reserved 1048576K
}
Event: 18.991 GC heap after
{Heap after GC invocations=16 (full 0):
 garbage-first heap   total 154624K, used 32800K [0x0000000704600000, 0x0000000800000000)
  region size 1024K, 4 young (4096K), 4 survivors (4096K)
 Metaspace       used 57624K, capacity 59004K, committed 59136K, reserved 1099776K
  class space    used 7564K, capacity 8119K, committed 8192K, reserved 1048576K
}
Event: 19.229 GC heap before
{Heap before GC invocations=16 (full 0):
 garbage-first heap   total 154624K, used 55328K [0x0000000704600000, 0x0000000800000000)
  region size 1024K, 27 young (27648K), 4 survivors (4096K)
 Metaspace       used 58332K, capacity 59687K, committed 59736K, reserved 1101824K
  class space    used 7648K, capacity 8192K, committed 8192K, reserved 1048576K
}
Event: 19.235 GC heap after
{Heap after GC invocations=17 (full 0):
 garbage-first heap   total 154624K, used 33585K [0x0000000704600000, 0x0000000800000000)
  region size 1024K, 5 young (5120K), 5 survivors (5120K)
 Metaspace       used 58332K, capacity 59687K, committed 59736K, reserved 1101824K
  class space    used 7648K, capacity 8192K, committed 8192K, reserved 1048576K
}
Event: 20.596 GC heap before
{Heap before GC invocations=18 (full 0):
 garbage-first heap   total 126976K, used 98097K [0x0000000704600000, 0x0000000800000000)
  region size 1024K, 68 young (69632K), 5 survivors (5120K)
 Metaspace       used 61351K, capacity 62847K, committed 63104K, reserved 1103872K
  class space    used 8157K, capacity 8754K, committed 8832K, reserved 1048576K
}
Event: 20.604 GC heap after
{Heap after GC invocations=19 (full 0):
 garbage-first heap   total 126976K, used 37419K [0x0000000704600000, 0x0000000800000000)
  region size 1024K, 8 young (8192K), 8 survivors (8192K)
 Metaspace       used 61351K, capacity 62847K, committed 63104K, reserved 1103872K
  class space    used 8157K, capacity 8754K, committed 8832K, reserved 1048576K
}

